<?xml version="1.0" encoding="UTF-8"?>
<!-- Generated by org.testng.reporters.JUnitXMLReporter -->
<testsuite hostname="DESKTOP-NUFG68S" ignored="0" name="Test" tests="8" failures="0" timestamp="2021-04-07T00:57:00 IST" time="0.124" errors="0">
  <testcase name="carLoan" time="0.022" classname="Test.day1"/>
  <testcase name="personal" time="0.016" classname="Test.day1"/>
  <testcase name="a" time="0.0" classname="Test.day2"/>
  <testcase name="b" time="0.016" classname="Test.day2"/>
  <testcase name="Createsurec" time="0.0" classname="Test.FirstTestNg"/>
  <testcase name="Demo" time="0.0" classname="Test.FirstTestNg"/>
  <testcase name="Logout" time="0.015" classname="Test.FirstTestNg"/>
  <testcase name="Tester" time="0.0" classname="Test.FirstTestNg"/>
</testsuite> <!-- Test -->
